
-----
Test: tests/test_buy_product.py::test_buy_product (call)
Start time: 2023-06-29 08:52:37.568821
Start name method: authorisation

End time: 2023-06-29 08:52:51.674646
End name method: authorisation
URL: https://ohota26.ru/user/27

-----

-----
Test: tests/test_buy_product.py::test_buy_product (call)
Start time: 2023-06-29 08:52:51.674646
Start name method: select_main_page

End time: 2023-06-29 08:52:59.470721
End name method: select_main_page
URL: https://ohota26.ru/

-----

-----
Test: tests/test_buy_product.py::test_buy_product (call)
Start time: 2023-06-29 08:52:59.470721
Start name method: select_menu

End time: 2023-06-29 08:53:10.928073
End name method: select_menu
URL: https://ohota26.ru/turizm/spal-nye-meshki

-----

-----
Test: tests/test_buy_product.py::test_buy_product (call)
Start time: 2023-06-29 08:53:10.936067
Start name method: select_products

End time: 2023-06-29 08:53:17.302887
End name method: select_products
URL: https://ohota26.ru/cart

-----

-----
Test: tests/test_buy_product.py::test_buy_product (call)
Start time: 2023-06-29 08:53:17.302887
Start name method: product_confirmation

End time: 2023-06-29 08:53:22.591513
End name method: product_confirmation
URL: https://ohota26.ru/order

-----

-----
Test: tests/test_buy_product.py::test_buy_product (call)
Start time: 2023-06-29 08:53:22.599506
Start name method: client_information

End time: 2023-06-29 08:53:34.451979
End name method: client_information
URL: https://ohota26.ru/success_order

-----

-----
Test: tests/test_messenger.py::test_messenger_whats_app (call)
Start time: 2023-06-29 08:53:47.239565
Start name method: authorisation

End time: 2023-06-29 08:53:59.405972
End name method: authorisation
URL: https://ohota26.ru/user/27

-----

-----
Test: tests/test_messenger.py::test_messenger_whats_app (call)
Start time: 2023-06-29 08:53:59.406966
Start name method: select_main_page

End time: 2023-06-29 08:54:10.191645
End name method: select_main_page
URL: https://ohota26.ru/

-----

-----
Test: tests/test_messenger.py::test_messenger_whats_app (call)
Start time: 2023-06-29 08:54:10.191645
Start name method: messenger_whats_app

End time: 2023-06-29 08:54:19.847369
End name method: messenger_whats_app
URL: https://ohota26.ru/

-----

-----
Test: tests/test_messenger.py::test_messenger_telegram (call)
Start time: 2023-06-29 08:54:32.284264
Start name method: authorisation

End time: 2023-06-29 08:54:45.666286
End name method: authorisation
URL: https://ohota26.ru/user/27

-----

-----
Test: tests/test_messenger.py::test_messenger_telegram (call)
Start time: 2023-06-29 08:54:45.666286
Start name method: select_main_page

End time: 2023-06-29 08:54:54.786428
End name method: select_main_page
URL: https://ohota26.ru/

-----

-----
Test: tests/test_messenger.py::test_messenger_telegram (call)
Start time: 2023-06-29 08:54:54.786428
Start name method: messenger_telegram

End time: 2023-06-29 08:54:57.408018
End name method: messenger_telegram
URL: https://ohota26.ru/

-----

-----
Test: tests/test_messenger.py::test_messenger_vk (call)
Start time: 2023-06-29 08:55:09.040804
Start name method: authorisation

End time: 2023-06-29 08:55:21.408479
End name method: authorisation
URL: https://ohota26.ru/user/27

-----

-----
Test: tests/test_messenger.py::test_messenger_vk (call)
Start time: 2023-06-29 08:55:21.408479
Start name method: select_main_page

End time: 2023-06-29 08:55:29.243686
End name method: select_main_page
URL: https://ohota26.ru/

-----

-----
Test: tests/test_messenger.py::test_messenger_vk (call)
Start time: 2023-06-29 08:55:29.243686
Start name method: messenger_vk

End time: 2023-06-29 08:55:31.617477
End name method: messenger_vk
URL: https://ohota26.ru/

-----

-----
Test: tests/test_product_search.py::test_product_search_1 (call)
Start time: 2023-06-29 08:55:44.204397
Start name method: authorisation

End time: 2023-06-29 08:55:57.061118
End name method: authorisation
URL: https://ohota26.ru/user/27

-----

-----
Test: tests/test_product_search.py::test_product_search_1 (call)
Start time: 2023-06-29 08:55:57.061118
Start name method: select_main_page

End time: 2023-06-29 08:56:05.431149
End name method: select_main_page
URL: https://ohota26.ru/

-----

-----
Test: tests/test_product_search.py::test_product_search_1 (call)
Start time: 2023-06-29 08:56:05.431149
Start name method: search_1

End time: 2023-06-29 08:56:10.512151
End name method: search_1
URL: https://ohota26.ru/search?search=%D0%9B%D0%B0%D1%81%D1%82%D1%8B

-----

-----
Test: tests/test_product_search.py::test_product_search_2 (call)
Start time: 2023-06-29 08:56:24.282472
Start name method: authorisation


-----
Test: tests/test_product_search.py::test_product_search_3 (call)
Start time: 2023-06-29 08:56:28.260617
Start name method: authorisation

End time: 2023-06-29 08:56:39.852619
End name method: authorisation
URL: https://ohota26.ru/user/27

-----

-----
Test: tests/test_product_search.py::test_product_search_3 (call)
Start time: 2023-06-29 08:56:39.852619
Start name method: select_main_page

End time: 2023-06-29 08:56:48.202342
End name method: select_main_page
URL: https://ohota26.ru/

-----

-----
Test: tests/test_product_search.py::test_product_search_3 (call)
Start time: 2023-06-29 08:56:48.202342
Start name method: search_3

End time: 2023-06-29 08:56:55.400929
End name method: search_3
URL: https://ohota26.ru/search?search=%D0%9B%D0%BE%D0%B4%D0%BA%D0%B0

-----
